"D:\Software\CLion 2020.2.3\bin\cmake\win\bin\cmake.exe" -DCMAKE_BUILD_TYPE=Debug -G "CodeBlocks - MinGW Makefiles" C:\Users\40724\Desktop\高级数据库系统\项目相关资料\附件1-DataBase_06.07\DataBase4
-- The C compiler identification is GNU 8.1.0
-- The CXX compiler identification is GNU 8.1.0
-- Check for working C compiler: D:/Software/mingw64/bin/gcc.exe
-- Check for working C compiler: D:/Software/mingw64/bin/gcc.exe - broken
CMake Error at D:/Software/CLion 2020.2.3/bin/cmake/win/share/cmake-3.17/Modules/CMakeTestCCompiler.cmake:60 (message):
  The C compiler

    "D:/Software/mingw64/bin/gcc.exe"

  is not able to compile a simple test program.

  It fails with the following output:

    Change Dir: C:/Users/40724/Desktop/楂樼骇鏁版嵁搴撶郴缁�/椤圭洰鐩稿叧璧勬枡/闄勪欢1-DataBase_06.07/DataBase4/cmake-build-debug/CMakeFiles/CMakeTmp
    
    Run Build Command(s):D:/Software/mingw64/bin/mingw32-make.exe cmTC_53d41/fast && D:/Software/mingw64/bin/mingw32-make.exe  -f CMakeFiles\cmTC_53d41.dir\build.make CMakeFiles/cmTC_53d41.dir/build
    mingw32-make.exe[1]: Entering directory 'C:/Users/40724/Desktop/楂樼骇鏁版嵁搴撶郴缁�/椤圭洰鐩稿叧璧勬枡/闄勪欢1-DataBase_06.07/DataBase4/cmake-build-debug/CMakeFiles/CMakeTmp'
    Building C object CMakeFiles/cmTC_53d41.dir/testCCompiler.c.obj
    D:\Software\mingw64\bin\gcc.exe    -o CMakeFiles\cmTC_53d41.dir\testCCompiler.c.obj   -c C:\Users\40724\Desktop\妤傛楠囬弫鐗堝祦鎼存挾閮寸紒鐒呮い鍦窗閻╃鍙х挧鍕灐\闂勫嫪娆�1-DataBase_06.07\DataBase4\cmake-build-debug\CMakeFiles\CMakeTmp\testCCompiler.c
    gcc.exe: error: C:\Users\40724\Desktop\妤傛楠囬弫鐗堝祦鎼存挾閮寸紒鐒呮い鍦窗閻╃鍙х挧鍕灐\闂勫嫪娆�1-DataBase_06.07\DataBase4\cmake-build-debug\CMakeFiles\CMakeTmp\testCCompiler.c: No such file or directory
    gcc.exe: fatal error: no input files
    compilation terminated.
    mingw32-make.exe[1]: *** [CMakeFiles\cmTC_53d41.dir\build.make:85: CMakeFiles/cmTC_53d41.dir/testCCompiler.c.obj] Error 1
    mingw32-make.exe[1]: Leaving directory 'C:/Users/40724/Desktop/楂樼骇鏁版嵁搴撶郴缁�/椤圭洰鐩稿叧璧勬枡/闄勪欢1-DataBase_06.07/DataBase4/cmake-build-debug/CMakeFiles/CMakeTmp'
    mingw32-make.exe: *** [Makefile:140: cmTC_53d41/fast] Error 2
    
    

  

  CMake will not be able to correctly generate this project.
Call Stack (most recent call first):
  CMakeLists.txt:2 (project)


-- Configuring incomplete, errors occurred!
See also "C:/Users/40724/Desktop/楂樼骇鏁版嵁搴撶郴缁�/椤圭洰鐩稿叧璧勬枡/闄勪欢1-DataBase_06.07/DataBase4/cmake-build-debug/CMakeFiles/CMakeOutput.log".
See also "C:/Users/40724/Desktop/楂樼骇鏁版嵁搴撶郴缁�/椤圭洰鐩稿叧璧勬枡/闄勪欢1-DataBase_06.07/DataBase4/cmake-build-debug/CMakeFiles/CMakeError.log".
